{
"./src/Users/sabeur/workspace/apps/react-native-css/src/index.js":{"path":"./src/Users/sabeur/workspace/apps/react-native-css/src/index.js","s":{"1":1,"2":0,"3":0,"4":5,"5":4,"6":4,"7":4,"8":1,"9":1,"10":0,"11":0,"12":1,"13":1,"14":1,"15":5,"16":5,"17":5,"18":9,"19":0,"20":9,"21":9,"22":9,"23":28,"24":0,"25":28,"26":28,"27":28,"28":4,"29":4,"30":4,"31":8,"32":4,"33":4,"34":2,"35":8,"36":8,"37":4,"38":0,"39":0,"40":0,"41":0,"42":0,"43":0,"44":4,"45":2,"46":4,"47":4,"48":2,"49":2,"50":4,"51":0,"52":0,"53":24,"54":9,"55":24,"56":9,"57":0,"58":9,"59":5},"b":{"1":[4,1],"2":[0,1],"3":[0,9],"4":[9,9],"5":[0,28],"6":[4,24],"7":[2,2],"8":[0,4],"9":[2,2],"10":[0,4],"11":[9,15],"12":[24,9]},"f":{"1":1,"2":1,"3":5,"4":1,"5":5,"6":8,"7":0},"fnMap":{"1":{"name":"(anonymous_6)","line":4,"loc":{"start":{"line":4,"column":35},"end":{"line":null,"column":-1}}},"2":{"name":"ReactNativeCss","line":6,"loc":{"start":{"line":6,"column":13},"end":{"line":6,"column":16}}},"3":{"name":"parse","line":10,"loc":{"start":{"line":10,"column":7},"end":{"line":10,"column":63}}},"4":{"name":"(anonymous_9)","line":22,"loc":{"start":{"line":22,"column":28},"end":{"line":22,"column":43}}},"5":{"name":"toJSS","line":34,"loc":{"start":{"line":34,"column":7},"end":{"line":34,"column":26}}},"6":{"name":"(anonymous_13)","line":64,"loc":{"start":{"line":64,"column":27},"end":{"line":64,"column":56}}},"7":{"name":"(anonymous_14)","line":100,"loc":{"start":{"line":100,"column":57},"end":{"line":100,"column":80}}}},"statementMap":{"1":{"start":{"line":6,"column":13},"end":{"line":8,"column":3}},"2":{"start":{"line":10,"column":15},"end":{"line":10,"column":36}},"3":{"start":{"line":10,"column":38},"end":{"line":10,"column":57}},"4":{"start":{"line":11,"column":4},"end":{"line":31,"column":5}},"5":{"start":{"line":18,"column":6},"end":{"line":18,"column":50}},"6":{"start":{"line":19,"column":6},"end":{"line":19,"column":70}},"7":{"start":{"line":20,"column":6},"end":{"line":20,"column":21}},"8":{"start":{"line":22,"column":6},"end":{"line":30,"column":9}},"9":{"start":{"line":23,"column":8},"end":{"line":26,"column":9}},"10":{"start":{"line":24,"column":10},"end":{"line":24,"column":29}},"11":{"start":{"line":25,"column":10},"end":{"line":25,"column":25}},"12":{"start":{"line":27,"column":8},"end":{"line":27,"column":42}},"13":{"start":{"line":28,"column":8},"end":{"line":28,"column":77}},"14":{"start":{"line":29,"column":8},"end":{"line":29,"column":23}},"15":{"start":{"line":35,"column":4},"end":{"line":35,"column":44}},"16":{"start":{"line":39,"column":4},"end":{"line":39,"column":24}},"17":{"start":{"line":41,"column":4},"end":{"line":114,"column":5}},"18":{"start":{"line":42,"column":6},"end":{"line":42,"column":41}},"19":{"start":{"line":42,"column":32},"end":{"line":42,"column":41}},"20":{"start":{"line":45,"column":8},"end":{"line":45,"column":49}},"21":{"start":{"line":46,"column":8},"end":{"line":46,"column":73}},"22":{"start":{"line":48,"column":8},"end":{"line":48,"column":35}},"23":{"start":{"line":52,"column":10},"end":{"line":52,"column":59}},"24":{"start":{"line":52,"column":50},"end":{"line":52,"column":59}},"25":{"start":{"line":54,"column":10},"end":{"line":54,"column":40}},"26":{"start":{"line":55,"column":10},"end":{"line":55,"column":46}},"27":{"start":{"line":57,"column":10},"end":{"line":111,"column":11}},"28":{"start":{"line":58,"column":16},"end":{"line":60,"column":13}},"29":{"start":{"line":62,"column":16},"end":{"line":62,"column":64}},"30":{"start":{"line":64,"column":12},"end":{"line":66,"column":15}},"31":{"start":{"line":65,"column":14},"end":{"line":65,"column":43}},"32":{"start":{"line":68,"column":16},"end":{"line":68,"column":38}},"33":{"start":{"line":70,"column":12},"end":{"line":76,"column":13}},"34":{"start":{"line":72,"column":14},"end":{"line":74,"column":15}},"35":{"start":{"line":72,"column":19},"end":{"line":72,"column":27}},"36":{"start":{"line":73,"column":16},"end":{"line":73,"column":52}},"37":{"start":{"line":78,"column":12},"end":{"line":87,"column":13}},"38":{"start":{"line":80,"column":14},"end":{"line":82,"column":15}},"39":{"start":{"line":80,"column":19},"end":{"line":80,"column":27}},"40":{"start":{"line":81,"column":16},"end":{"line":81,"column":52}},"41":{"start":{"line":84,"column":14},"end":{"line":86,"column":15}},"42":{"start":{"line":84,"column":19},"end":{"line":84,"column":27}},"43":{"start":{"line":85,"column":16},"end":{"line":85,"column":52}},"44":{"start":{"line":89,"column":12},"end":{"line":97,"column":13}},"45":{"start":{"line":91,"column":14},"end":{"line":93,"column":15}},"46":{"start":{"line":91,"column":19},"end":{"line":91,"column":27}},"47":{"start":{"line":92,"column":16},"end":{"line":92,"column":52}},"48":{"start":{"line":95,"column":14},"end":{"line":95,"column":51}},"49":{"start":{"line":96,"column":14},"end":{"line":96,"column":54}},"50":{"start":{"line":99,"column":12},"end":{"line":103,"column":13}},"51":{"start":{"line":100,"column":14},"end":{"line":102,"column":17}},"52":{"start":{"line":101,"column":16},"end":{"line":101,"column":56}},"53":{"start":{"line":106,"column":12},"end":{"line":108,"column":13}},"54":{"start":{"line":107,"column":14},"end":{"line":107,"column":62}},"55":{"start":{"line":110,"column":12},"end":{"line":110,"column":62}},"56":{"start":{"line":50,"column":8},"end":{"line":112,"column":9}},"57":{"start":{"line":52,"column":50},"end":{"line":52,"column":59}},"58":{"start":{"line":44,"column":6},"end":{"line":113,"column":7}},"59":{"start":{"line":115,"column":4},"end":{"line":115,"column":21}}},"branchMap":{"1":{"line":11,"type":"if","locations":[{"start":{"line":11,"column":4},"end":{"line":11,"column":6}},{"start":{"line":11,"column":4},"end":{"line":11,"column":6}}]},"2":{"line":23,"type":"if","locations":[{"start":{"line":23,"column":8},"end":{"line":23,"column":11}},{"start":{"line":23,"column":8},"end":{"line":23,"column":11}}]},"3":{"line":42,"type":"if","locations":[{"start":{"line":42,"column":6},"end":{"line":42,"column":9}},{"start":{"line":42,"column":6},"end":{"line":42,"column":9}}]},"4":{"line":46,"type":"binary-expr","locations":[{"start":{"line":46,"column":45},"end":{"line":46,"column":65}},{"start":{"line":46,"column":69},"end":{"line":46,"column":71}}]},"5":{"line":52,"type":"if","locations":[{"start":{"line":52,"column":10},"end":{"line":52,"column":13}},{"start":{"line":52,"column":10},"end":{"line":52,"column":13}}]},"6":{"line":57,"type":"if","locations":[{"start":{"line":57,"column":10},"end":{"line":57,"column":13}},{"start":{"line":57,"column":10},"end":{"line":57,"column":13}}]},"7":{"line":70,"type":"if","locations":[{"start":{"line":70,"column":12},"end":{"line":70,"column":15}},{"start":{"line":70,"column":12},"end":{"line":70,"column":15}}]},"8":{"line":78,"type":"if","locations":[{"start":{"line":78,"column":12},"end":{"line":78,"column":15}},{"start":{"line":78,"column":12},"end":{"line":78,"column":15}}]},"9":{"line":89,"type":"if","locations":[{"start":{"line":89,"column":12},"end":{"line":89,"column":15}},{"start":{"line":89,"column":12},"end":{"line":89,"column":15}}]},"10":{"line":99,"type":"if","locations":[{"start":{"line":99,"column":12},"end":{"line":99,"column":15}},{"start":{"line":99,"column":12},"end":{"line":99,"column":15}}]},"11":{"line":106,"type":"if","locations":[{"start":{"line":106,"column":12},"end":{"line":106,"column":15}},{"start":{"line":106,"column":12},"end":{"line":106,"column":15}}]},"12":{"line":106,"type":"binary-expr","locations":[{"start":{"line":106,"column":16},"end":{"line":106,"column":41}},{"start":{"line":106,"column":45},"end":{"line":106,"column":71}}]}},"l":{"6":1,"10":0,"11":5,"18":4,"19":4,"20":4,"22":1,"23":1,"24":0,"25":0,"27":1,"28":1,"29":1,"35":5,"39":5,"41":5,"42":9,"44":9,"45":9,"46":9,"48":9,"50":9,"52":28,"54":28,"55":28,"57":28,"58":4,"62":4,"64":4,"65":8,"68":4,"70":4,"72":8,"73":8,"78":4,"80":0,"81":0,"84":0,"85":0,"89":4,"91":4,"92":4,"95":2,"96":2,"99":4,"100":0,"101":0,"106":24,"107":9,"110":24,"115":5}},
"./src/Users/sabeur/workspace/apps/react-native-css/src/utils.js":{"path":"./src/Users/sabeur/workspace/apps/react-native-css/src/utils.js","s":{"1":28,"2":28,"3":54,"4":4,"5":24,"6":5,"7":1,"8":5,"9":5,"10":5,"11":5,"12":5,"13":5,"14":5,"15":5},"b":{"1":[4,50],"2":[0,5],"3":[5,4]},"f":{"1":1,"2":28,"3":5,"4":1,"5":5,"6":5},"fnMap":{"1":{"name":"(anonymous_6)","line":3,"loc":{"start":{"line":3,"column":26},"end":{"line":null,"column":-1}}},"2":{"name":"arrayContains","line":5,"loc":{"start":{"line":5,"column":22},"end":{"line":5,"column":35}}},"3":{"name":"clean","line":15,"loc":{"start":{"line":15,"column":14},"end":{"line":15,"column":23}}},"4":{"name":"readFile","line":19,"loc":{"start":{"line":19,"column":17},"end":{"line":19,"column":28}}},"5":{"name":"outputReactFriendlyStyle","line":23,"loc":{"start":{"line":23,"column":33},"end":{"line":23,"column":66}}},"6":{"name":"contains","line":32,"loc":{"start":{"line":32,"column":17},"end":{"line":32,"column":34}}}},"statementMap":{"1":{"start":{"line":6,"column":4},"end":{"line":6,"column":21}},"2":{"start":{"line":7,"column":4},"end":{"line":11,"column":5}},"3":{"start":{"line":8,"column":6},"end":{"line":10,"column":7}},"4":{"start":{"line":9,"column":8},"end":{"line":9,"column":19}},"5":{"start":{"line":12,"column":4},"end":{"line":12,"column":16}},"6":{"start":{"line":16,"column":4},"end":{"line":16,"column":43}},"7":{"start":{"line":20,"column":4},"end":{"line":20,"column":34}},"8":{"start":{"line":24,"column":4},"end":{"line":24,"column":42}},"9":{"start":{"line":25,"column":4},"end":{"line":25,"column":51}},"10":{"start":{"line":26,"column":4},"end":{"line":26,"column":58}},"11":{"start":{"line":27,"column":4},"end":{"line":27,"column":92}},"12":{"start":{"line":28,"column":4},"end":{"line":28,"column":18}},"13":{"start":{"line":29,"column":4},"end":{"line":29,"column":18}},"14":{"start":{"line":33,"column":4},"end":{"line":33,"column":38}},"15":{"start":{"line":34,"column":4},"end":{"line":34,"column":39}}},"branchMap":{"1":{"line":8,"type":"if","locations":[{"start":{"line":8,"column":6},"end":{"line":8,"column":9}},{"start":{"line":8,"column":6},"end":{"line":8,"column":9}}]},"2":{"line":24,"type":"cond-expr","locations":[{"start":{"line":24,"column":36},"end":{"line":24,"column":37}},{"start":{"line":24,"column":40},"end":{"line":24,"column":41}}]},"3":{"line":34,"type":"binary-expr","locations":[{"start":{"line":34,"column":11},"end":{"line":34,"column":17}},{"start":{"line":34,"column":21},"end":{"line":34,"column":38}}]}},"l":{"6":28,"7":28,"8":54,"9":4,"12":24,"16":5,"20":1,"24":5,"25":5,"26":5,"27":5,"28":5,"29":5,"33":5,"34":5}}}
